<?xml version="1.0" encoding="UTF-8"?>
<!-- Generated by org.testng.reporters.JUnitReportReporter -->
<testsuite hostname="MSI" failures="0" tests="1" name="testscripts.HomePageScript" time="1.540" errors="0" timestamp="2023-08-10T06:57:21 ICT" skipped="0">
  <testcase classname="testscripts.HomePageScript" name="verifyLinkLogin" time="1.540"/>
  <system-out/>
</testsuite> <!-- testscripts.HomePageScript -->
