<?xml version="1.0" encoding="UTF-8"?>
<!-- Generated by org.testng.reporters.JUnitReportReporter -->
<testsuite hostname="MSI" failures="0" tests="1" name="testscripts.LogoutPageScript" time="0.000" errors="0" timestamp="2023-08-10T06:52:37 ICT" skipped="1">
  <testcase classname="testscripts.LogoutPageScript" name="testLogoutFuntion" time="0.000">
    <skipped/>
  </testcase> <!-- testLogoutFuntion -->
  <system-out/>
</testsuite> <!-- testscripts.LogoutPageScript -->
