<?xml version="1.0" encoding="UTF-8"?>
<!-- Generated by org.testng.reporters.JUnitReportReporter -->
<testsuite hostname="MSI" failures="0" tests="2" name="testscripts.LoginPageScript" time="13.303" errors="0" timestamp="2023-08-10T06:57:21 ICT" skipped="0">
  <testcase classname="testscripts.LoginPageScript" name="testByForLoop" time="10.684"/>
  <system-out/>
  <testcase classname="testscripts.LoginPageScript" name="TC01_LoginSuccess" time="2.619"/>
  <system-out/>
</testsuite> <!-- testscripts.LoginPageScript -->
