<?xml version="1.0" encoding="UTF-8"?>
<!-- Generated by org.testng.reporters.JUnitReportReporter -->
<testsuite hostname="MSI" failures="0" tests="9" name="testscripts.AddProductPageScript" time="0.002" errors="0" timestamp="2023-08-10T06:52:37 ICT" skipped="9">
  <testcase classname="testscripts.AddProductPageScript" name="validateIntroduce" time="0.000">
    <skipped/>
  </testcase> <!-- validateIntroduce -->
  <system-out/>
  <testcase classname="testscripts.AddProductPageScript" name="validateOtherSuccessfulTC" time="0.000">
    <skipped/>
  </testcase> <!-- validateOtherSuccessfulTC -->
  <system-out/>
  <testcase classname="testscripts.AddProductPageScript" name="checkExistedProductName" time="0.000">
    <skipped/>
  </testcase> <!-- checkExistedProductName -->
  <system-out/>
  <testcase classname="testscripts.AddProductPageScript" name="validateRequiredFields" time="0.001">
    <skipped/>
  </testcase> <!-- validateRequiredFields -->
  <system-out/>
  <testcase classname="testscripts.AddProductPageScript" name="captureScreenShotFailTestCase" time="0.001">
    <skipped/>
  </testcase> <!-- captureScreenShotFailTestCase -->
  <system-out/>
  <testcase classname="testscripts.AddProductPageScript" name="validateEmptyCategory" time="0.000">
    <skipped/>
  </testcase> <!-- validateEmptyCategory -->
  <system-out/>
  <testcase classname="testscripts.AddProductPageScript" name="validateProductName" time="0.000">
    <skipped/>
  </testcase> <!-- validateProductName -->
  <system-out/>
  <testcase classname="testscripts.AddProductPageScript" name="validateAddProduct" time="0.000">
    <skipped/>
  </testcase> <!-- validateAddProduct -->
  <system-out/>
  <testcase classname="testscripts.AddProductPageScript" name="validatePrice" time="0.000">
    <skipped/>
  </testcase> <!-- validatePrice -->
  <system-out/>
</testsuite> <!-- testscripts.AddProductPageScript -->
